<?xml version="1.0" encoding="UTF-8"?>
<!-- Generated by org.testng.reporters.JUnitReportReporter -->
<testsuite hostname="DESKTOP-HIHJMCD" name="getPriceTest" tests="1" failures="0" timestamp="22 Oct 2016 07:00:49 GMT" time="0.736" errors="0">
  <testcase name="testPriceGet" time="0.736" classname="getPriceTest"/>
</testsuite> <!-- getPriceTest -->
